2020-09-19 22:51:12 INFO  Main:11 - Info_test
2020-09-19 22:51:12 DEBUG Main:12 - Debag_test
2020-09-19 22:51:12 ERROR Main:13 - Error_test
2020-09-19 23:13:32 INFO  Main:11 - Info_test
2020-09-19 23:13:32 DEBUG Main:12 - Debag_test
2020-09-19 23:13:32 ERROR Main:13 - Error_test
2020-09-19 23:13:32 INFO  Main:14 - 33
2020-09-19 23:38:49 INFO  Main:11 - Info_test
2020-09-19 23:38:49 DEBUG Main:12 - Debag_test
2020-09-19 23:38:49 ERROR Main:13 - Error_test
2020-09-19 23:38:49 INFO  Main:14 - 33
2020-09-19 23:41:03 INFO  Main:11 - Info_test
2020-09-19 23:41:03 DEBUG Main:12 - Debag_test
2020-09-19 23:41:03 ERROR Main:13 - Error_test
2020-09-19 23:41:03 INFO  Main:14 - 33
2020-09-19 23:43:52 INFO  Main:11 - Info_test
2020-09-19 23:43:52 DEBUG Main:12 - Debag_test
2020-09-19 23:43:52 ERROR Main:13 - Error_test
2020-09-19 23:43:52 INFO  Main:14 - 33
2020-09-19 23:46:02 INFO  Main:11 - Info_test
2020-09-19 23:46:02 DEBUG Main:12 - Debag_test
2020-09-19 23:46:02 ERROR Main:13 - Error_test
2020-09-19 23:46:02 INFO  Main:14 - 33
2020-09-20 00:06:51 INFO  Main:11 - Info_test
2020-09-20 00:06:51 DEBUG Main:12 - Debag_test
2020-09-20 00:06:51 ERROR Main:13 - Error_test
2020-09-20 00:06:51 INFO  Main:14 - 33
2020-09-20 00:10:25 INFO  Main:11 - Info_test
2020-09-20 00:10:25 DEBUG Main:12 - Debag_test
2020-09-20 00:10:25 ERROR Main:13 - Error_test
2020-09-20 00:10:25 INFO  Main:14 - 33
2020-09-20 00:19:18 INFO  Main:11 - Info_test
2020-09-20 00:19:18 DEBUG Main:12 - Debag_test
2020-09-20 00:19:18 ERROR Main:13 - Error_test
2020-09-20 00:19:18 INFO  Main:14 - 33
2020-09-20 00:24:16 INFO  Main:11 - Info_test
2020-09-20 00:24:16 DEBUG Main:12 - Debag_test
2020-09-20 00:24:16 ERROR Main:13 - Error_test
2020-09-20 00:24:16 INFO  Main:14 - 33
2020-09-20 20:28:22 INFO  Main:16 - Info_test
2020-09-20 20:28:22 DEBUG Main:17 - Debag_test
2020-09-20 20:28:22 ERROR Main:18 - Error_test
2020-09-20 20:28:22 INFO  Main:19 - 33
2020-09-20 20:34:19 INFO  Main:16 - Info_test
2020-09-20 20:34:19 DEBUG Main:17 - Debag_test
2020-09-20 20:34:19 ERROR Main:18 - Error_test
2020-09-20 20:34:19 INFO  Main:19 - 33
2020-09-20 20:34:22 INFO  Main:16 - Info_test
2020-09-20 20:34:22 DEBUG Main:17 - Debag_test
2020-09-20 20:34:22 ERROR Main:18 - Error_test
2020-09-20 20:34:22 INFO  Main:19 - 33
2020-09-20 20:36:34 INFO  Main:16 - Info_test
2020-09-20 20:36:34 DEBUG Main:17 - Debag_test
2020-09-20 20:36:34 ERROR Main:18 - Error_test
2020-09-20 20:36:34 INFO  Main:19 - 33
2020-09-21 10:05:01 INFO  Main:16 - Info_test
2020-09-21 10:05:01 DEBUG Main:17 - Debag_test
2020-09-21 10:05:01 ERROR Main:18 - Error_test
2020-09-21 10:05:01 INFO  Main:19 - 33
2020-09-21 10:05:09 INFO  Main:16 - Info_test
2020-09-21 10:05:09 DEBUG Main:17 - Debag_test
2020-09-21 10:05:09 ERROR Main:18 - Error_test
2020-09-21 10:05:09 INFO  Main:19 - 33
2020-09-21 10:07:52 INFO  Main:16 - Info_test
2020-09-21 10:07:52 DEBUG Main:17 - Debag_test
2020-09-21 10:07:52 ERROR Main:18 - Error_test
2020-09-21 10:07:52 INFO  Main:19 - 33
2020-10-18 21:27:26 INFO  Main:16 - Info_test
2020-10-18 21:27:26 DEBUG Main:17 - Debag_test
2020-10-18 21:27:26 ERROR Main:18 - Error_test
2020-10-18 21:27:26 INFO  Main:19 - 33
2020-10-18 21:44:44 INFO  Main:16 - Info_test
2020-10-18 21:44:44 DEBUG Main:17 - Debag_test
2020-10-18 21:44:44 ERROR Main:18 - Error_test
2020-10-18 21:44:44 INFO  Main:19 - 33
2020-10-18 21:45:14 INFO  Main:16 - Info_test
2020-10-18 21:45:14 DEBUG Main:17 - Debag_test
2020-10-18 21:45:14 ERROR Main:18 - Error_test
2020-10-18 21:45:14 INFO  Main:19 - 33
2020-10-18 21:45:59 INFO  Main:16 - Info_test
2020-10-18 21:45:59 DEBUG Main:17 - Debag_test
2020-10-18 21:45:59 ERROR Main:18 - Error_test
2020-10-18 21:45:59 INFO  Main:19 - 33
2020-10-18 21:53:15 INFO  Main:16 - Info_test
2020-10-18 21:53:15 DEBUG Main:17 - Debag_test
2020-10-18 21:53:15 ERROR Main:18 - Error_test
2020-10-18 21:53:15 INFO  Main:19 - 33
2020-10-18 21:54:44 INFO  Main:16 - Info_test
2020-10-18 21:54:44 DEBUG Main:17 - Debag_test
2020-10-18 21:54:44 ERROR Main:18 - Error_test
2020-10-18 21:54:44 INFO  Main:19 - 33
2020-10-18 21:55:54 INFO  Main:16 - Info_test
2020-10-18 21:55:54 DEBUG Main:17 - Debag_test
2020-10-18 21:55:54 ERROR Main:18 - Error_test
2020-10-18 21:55:54 INFO  Main:19 - 33
2020-10-18 21:56:21 INFO  Main:16 - Info_test
2020-10-18 21:56:21 DEBUG Main:17 - Debag_test
2020-10-18 21:56:21 ERROR Main:18 - Error_test
2020-10-18 21:56:21 INFO  Main:19 - 33
2020-10-18 21:57:28 INFO  Main:16 - Info_test
2020-10-18 21:57:28 DEBUG Main:17 - Debag_test
2020-10-18 21:57:28 ERROR Main:18 - Error_test
2020-10-18 21:57:28 INFO  Main:19 - 33
2020-10-18 22:02:37 ERROR Main:18 - Error_test
2020-10-18 22:03:55 INFO  Main:16 - Info_test
2020-10-18 22:03:55 DEBUG Main:17 - Debag_test
2020-10-18 22:03:55 ERROR Main:18 - Error_test
2020-10-18 22:03:55 INFO  Main:19 - 33
2020-10-18 22:05:37 INFO  Main:16 - Info_test
2020-10-18 22:05:37 ERROR Main:18 - Error_test
2020-10-18 22:05:37 INFO  Main:19 - 33
2020-10-18 22:07:00 INFO  Main:16 - Info_test
2020-10-18 22:07:00 DEBUG Main:17 - Debag_test
2020-10-18 22:07:00 ERROR Main:18 - Error_test
2020-10-18 22:07:00 INFO  Main:19 - 33
2020-10-18 22:08:00 INFO  Main:16 - Info_test
2020-10-18 22:08:00 DEBUG Main:17 - Debag_test
2020-10-18 22:08:00 ERROR Main:18 - Error_test
2020-10-18 22:08:00 INFO  Main:19 - 33
2020-10-18 22:08:00 INFO  Main:20 - SourceName
2020-10-18 22:20:03 INFO  Main:16 - Info_test
2020-10-18 22:20:03 DEBUG Main:17 - Debag_test
2020-10-18 22:20:03 ERROR Main:18 - Error_test
2020-10-18 22:20:03 INFO  Main:19 - 33
2020-10-18 22:20:03 INFO  Main:20 - SourceName
2020-10-18 22:22:20 INFO  Main:16 - Info_test
2020-10-18 22:22:20 DEBUG Main:17 - Debag_test
2020-10-18 22:22:20 ERROR Main:18 - Error_test
2020-10-18 22:22:20 INFO  Main:19 - 33
2020-10-18 22:22:20 INFO  Main:20 - SourceName
2020-10-18 23:34:52 INFO  MainTest:15 - main
2020-10-18 23:34:52 INFO  MainTest:16 - 33
2020-10-18 23:34:52 INFO  MainTest:17 - Good_test
2020-10-18 23:35:28 INFO  MainTest:15 - main
2020-10-18 23:35:28 INFO  MainTest:16 - 33
2020-10-18 23:35:28 INFO  MainTest:17 - Good_test
2020-10-18 23:54:03 INFO  Main:16 - Info_test
2020-10-18 23:54:03 DEBUG Main:17 - Debag_test
2020-10-18 23:54:03 ERROR Main:18 - Error_test
2020-10-18 23:54:03 INFO  Main:19 - 33
2020-10-18 23:54:03 INFO  Main:20 - SourceName
2020-10-19 09:44:37 INFO  Main:16 - Info_test
2020-10-19 09:44:37 DEBUG Main:17 - Debag_test
2020-10-19 09:44:37 ERROR Main:18 - Error_test
2020-10-19 09:44:37 INFO  Main:19 - 33
2020-10-19 09:45:13 INFO  Main:16 - Info_test
2020-10-19 09:45:13 DEBUG Main:17 - Debag_test
2020-10-19 09:45:13 ERROR Main:18 - Error_test
2020-10-19 09:45:13 INFO  Main:19 - 33
2020-10-19 09:45:13 INFO  Main:20 - SourceName
2020-10-19 09:45:13 INFO  Main:21 - There are constants 33 and source
2020-10-19 09:48:18 INFO  Main:16 - Info_test
2020-10-19 09:48:18 DEBUG Main:17 - Debag_test
2020-10-19 09:48:18 ERROR Main:18 - Error_test
2020-10-19 09:48:18 INFO  Main:19 - 33
2020-10-19 09:48:18 INFO  Main:20 - SourceName
2020-10-19 09:48:18 INFO  Main:21 - There are constants 33 and source
2020-10-19 09:48:44 INFO  MainTest:15 - main
2020-10-19 09:48:44 INFO  MainTest:16 - 33
2020-10-19 09:48:44 INFO  MainTest:17 - Good_test
2020-10-27 11:20:43 INFO  Main:19 - Info_test
2020-10-27 11:20:43 DEBUG Main:20 - Debag_test
2020-10-27 11:20:43 ERROR Main:21 - Error_test
2020-10-27 11:20:43 INFO  Main:22 - 33
2020-10-27 11:23:09 INFO  Main:19 - Info_test
2020-10-27 11:23:09 DEBUG Main:20 - Debag_test
2020-10-27 11:23:09 ERROR Main:21 - Error_test
2020-10-27 11:23:09 INFO  Main:22 - 33
2020-10-27 11:23:09 INFO  Main:23 - SourceName
2020-10-27 11:23:09 INFO  Main:24 - There are constants 33 and source
2020-10-27 11:25:56 INFO  Main:16 - i = 
2020-10-27 11:25:56 INFO  Main:20 - Info_test
2020-10-27 11:25:56 DEBUG Main:21 - Debag_test
2020-10-27 11:25:56 ERROR Main:22 - Error_test
2020-10-27 11:25:56 INFO  Main:23 - 33
2020-10-27 11:25:56 INFO  Main:24 - SourceName
2020-10-27 11:25:56 INFO  Main:25 - There are constants 33 and source
2020-11-01 23:31:27 INFO  Main:16 - Info_test
2020-11-01 23:31:27 DEBUG Main:17 - Debag_test
2020-11-01 23:31:27 ERROR Main:18 - Error_test
2020-11-01 23:31:27 INFO  Main:19 - 33
2020-11-01 23:31:27 INFO  Main:20 - SourceName
2020-11-01 23:31:27 INFO  Main:21 - There are constants 33 and source
2020-11-01 23:31:27 INFO  Main:24 - 0
2020-11-01 23:31:27 INFO  Main:24 - 1
2020-11-01 23:31:27 INFO  Main:29 - Final i = 1
2020-11-02 00:46:36 INFO  Main:29 - Info_test
2020-11-02 00:46:36 DEBUG Main:30 - Debag_test
2020-11-02 00:46:36 ERROR Main:31 - Error_test
2020-11-02 00:46:36 INFO  Main:32 - 33
2020-11-02 00:46:36 INFO  Main:33 - SourceName
2020-11-02 00:46:36 INFO  Main:34 - There are constants 33 and source
2020-11-02 00:46:36 INFO  Main:35 - 2
2020-11-02 00:48:31 INFO  Main:29 - Info_test
2020-11-02 00:48:31 DEBUG Main:30 - Debag_test
2020-11-02 00:48:31 ERROR Main:31 - Error_test
2020-11-02 00:48:31 INFO  Main:32 - 33
2020-11-02 00:48:31 INFO  Main:33 - SourceName
2020-11-02 00:48:31 INFO  Main:34 - There are constants 33 and source
2020-11-02 00:48:31 INFO  Main:35 - 2
2020-11-02 00:49:49 INFO  Main:30 - Info_test
2020-11-02 00:49:49 DEBUG Main:31 - Debag_test
2020-11-02 00:49:49 ERROR Main:32 - Error_test
2020-11-02 00:49:49 INFO  Main:33 - 33
2020-11-02 00:49:49 INFO  Main:34 - SourceName
2020-11-02 00:49:49 INFO  Main:35 - There are constants 33 and source
2020-11-02 00:49:49 INFO  Main:21 - 0
2020-11-02 00:49:49 INFO  Main:36 - 2
2020-11-23 00:35:28 INFO  Main:20 - Info_test
2020-11-23 00:35:28 DEBUG Main:21 - Debag_test
2020-11-23 00:35:28 ERROR Main:22 - Error_test
2020-11-23 00:35:28 INFO  Main:23 - 33
2020-11-23 00:35:28 INFO  Main:24 - SourceName
2020-11-23 00:35:28 INFO  Main:25 - There are constants 33 and source
2020-11-23 00:39:03 INFO  Main:20 - Info_test
2020-11-23 00:39:03 DEBUG Main:21 - Debag_test
2020-11-23 00:39:03 ERROR Main:22 - Error_test
2020-11-23 00:39:03 INFO  Main:23 - 33
2020-11-23 00:40:59 INFO  Main:20 - Info_test
2020-11-23 00:40:59 DEBUG Main:21 - Debag_test
2020-11-23 00:40:59 ERROR Main:22 - Error_test
2020-11-23 00:40:59 INFO  Main:23 - 33
2020-11-23 00:40:59 INFO  Main:24 - SourceName
2020-11-23 00:40:59 INFO  Main:25 - There are constants 33 and source
2020-11-23 00:55:56 INFO  Main:20 - Info_test
2020-11-23 00:55:56 DEBUG Main:21 - Debag_test
2020-11-23 00:55:56 ERROR Main:22 - Error_test
2020-11-23 00:55:56 INFO  Main:23 - 33
2020-11-23 00:55:56 INFO  Main:24 - SourceName
2020-11-23 00:55:56 INFO  Main:25 - There are constants 33 and source
2020-11-23 00:56:28 INFO  Main:20 - Info_test
2020-11-23 00:56:28 DEBUG Main:21 - Debag_test
2020-11-23 00:56:28 ERROR Main:22 - Error_test
2020-11-23 00:56:28 INFO  Main:23 - 33
2020-11-23 00:56:28 INFO  Main:24 - SourceName
2020-11-23 00:56:28 INFO  Main:25 - There are constants 33 and source
2020-11-23 00:58:58 INFO  Main:20 - Info_test
2020-11-23 00:58:58 DEBUG Main:21 - Debag_test
2020-11-23 00:58:58 ERROR Main:22 - Error_test
2020-11-23 00:58:58 INFO  Main:23 - 33
2020-11-23 00:58:58 INFO  Main:24 - SourceName
2020-11-23 00:58:58 INFO  Main:25 - There are constants 33 and source
2020-11-23 01:00:39 INFO  Main:20 - Info_test
2020-11-23 01:00:39 DEBUG Main:21 - Debag_test
2020-11-23 01:00:39 ERROR Main:22 - Error_test
2020-11-23 01:00:39 INFO  Main:23 - 33
2020-11-23 01:00:39 INFO  Main:24 - SourceName
2020-11-23 01:00:39 INFO  Main:25 - There are constants 33 and source
2020-11-23 01:03:07 INFO  Main:20 - Info_test
2020-11-23 01:03:07 DEBUG Main:21 - Debag_test
2020-11-23 01:03:07 ERROR Main:22 - Error_test
2020-11-23 01:03:07 INFO  Main:23 - 33
2020-11-23 01:03:07 INFO  Main:24 - SourceName
2020-11-23 01:03:07 INFO  Main:25 - There are constants 33 and source
2020-11-23 01:05:06 INFO  Main:20 - Info_test
2020-11-23 01:05:07 DEBUG Main:21 - Debag_test
2020-11-23 01:05:07 ERROR Main:22 - Error_test
2020-11-23 01:05:07 INFO  Main:23 - 33
2020-11-23 01:05:07 INFO  Main:24 - SourceName
2020-11-23 01:05:07 INFO  Main:25 - There are constants 33 and source
2020-11-23 01:22:09 INFO  Main:20 - Info_test
2020-11-23 01:22:09 DEBUG Main:21 - Debag_test
2020-11-23 01:22:09 ERROR Main:22 - Error_test
2020-11-23 01:22:09 INFO  Main:23 - 33
2020-11-23 01:22:09 INFO  Main:24 - SourceName
2020-11-23 01:22:09 INFO  Main:25 - There are constants 33 and source
2020-11-23 01:29:22 INFO  Main:20 - Info_test
2020-11-23 01:29:22 DEBUG Main:21 - Debag_test
2020-11-23 01:29:22 ERROR Main:22 - Error_test
2020-11-23 01:29:22 INFO  Main:23 - 33
2020-11-23 01:29:22 INFO  Main:24 - SourceName
2020-11-23 01:29:22 INFO  Main:25 - There are constants 33 and source
2020-11-24 19:24:33 INFO  DataProviderCSVTest:20 - insertPeopleSuccess
2020-11-24 19:25:21 INFO  DataProviderCSVTest:20 - insertPeopleSuccess
2020-11-24 19:28:51 INFO  DataProviderCSVTest:20 - insertPeopleSuccess
2020-11-24 20:03:33 INFO  DataProviderCSVTest:20 - insertPeopleSuccess
2020-11-24 20:10:31 INFO  DataProviderCSVTest:20 - insertPeopleSuccess
2020-11-24 20:11:53 INFO  DataProviderCSVTest:20 - insertPeopleSuccess
2020-11-24 20:11:53 ERROR DataProviderCSV:63 - java.util.NoSuchElementException: No value present
2020-11-24 20:12:28 INFO  DataProviderCSVTest:20 - insertPeopleSuccess
2020-11-24 20:12:28 ERROR DataProviderCSV:63 - java.util.NoSuchElementException: No value present
2020-11-24 20:12:46 INFO  DataProviderCSVTest:20 - insertPeopleSuccess
2020-11-24 20:12:46 ERROR DataProviderCSV:63 - java.util.NoSuchElementException: No value present
2020-11-24 20:14:20 INFO  DataProviderCSVTest:20 - insertPeopleSuccess
2020-11-24 20:17:27 INFO  DataProviderCSVTest:35 - insertPeopleFalse
2020-11-24 20:17:28 ERROR DataProviderCSV:63 - java.util.NoSuchElementException: No value present
2020-11-24 20:35:26 INFO  DataProviderCSVTest:20 - insertPeopleSuccess
2020-11-24 20:36:04 INFO  DataProviderCSVTest:35 - insertPeopleFalse
2020-11-24 20:36:05 ERROR DataProviderCSV:55 - java.util.NoSuchElementException: No value present
